<?xml version="1.0" encoding="UTF-8"?>
<!-- Generated by org.testng.reporters.JUnitReportReporter -->
<testsuite skipped="0" hostname="DESKTOP-0QDP3G5" name="TestCases.Objects" tests="4" failures="0" timestamp="05 Nov 2020 16:41:33 GMT" time="168.212" errors="0">
  <testcase name="invokebrowser" time="6.739" classname="TestCases.Objects"/>
  <testcase name="scenario1" time="52.011" classname="TestCases.Objects"/>
  <testcase name="scenario2" time="98.788" classname="TestCases.Objects"/>
  <testcase name="scenario3" time="10.674" classname="TestCases.Objects"/>
</testsuite> <!-- TestCases.Objects -->
