<?xml version="1.0" encoding="UTF-8"?>
<!-- Generated by org.testng.reporters.JUnitReportReporter -->
<testsuite skipped="0" hostname="ACER" name="BaseClass.BaseClass" tests="1" failures="0" timestamp="02 Nov 2020 18:12:19 GMT" time="5.502" errors="0">
  <testcase name="invokebrowser" time="5.502" classname="BaseClass.BaseClass"/>
</testsuite> <!-- BaseClass.BaseClass -->
